<?xml version="1.0" encoding="UTF-8"?>
<testng-results ignored="0" total="1" passed="1" failed="0" skipped="0">
  <reporter-output>
  </reporter-output>
  <suite started-at="2023-01-31T18:58:27 IST" name="Default suite" finished-at="2023-01-31T18:58:56 IST" duration-ms="29395">
    <groups>
    </groups>
    <test started-at="2023-01-31T18:58:27 IST" name="Default test" finished-at="2023-01-31T18:58:56 IST" duration-ms="29395">
      <class name="POM.TestLogin">
        <test-method is-config="true" signature="browseropen()[pri:0, instance:POM.TestLogin@35aea049]" started-at="2023-01-31T18:58:27 IST" name="browseropen" finished-at="2023-01-31T18:58:30 IST" duration-ms="2746" status="PASS">
          <reporter-output>
          </reporter-output>
        </test-method> <!-- browseropen -->
        <test-method is-config="true" signature="login()[pri:0, instance:POM.TestLogin@35aea049]" started-at="2023-01-31T18:58:30 IST" name="login" finished-at="2023-01-31T18:58:34 IST" duration-ms="4266" status="PASS">
          <reporter-output>
          </reporter-output>
        </test-method> <!-- login -->
        <test-method signature="test()[pri:0, instance:POM.TestLogin@35aea049]" started-at="2023-01-31T18:58:34 IST" name="test" finished-at="2023-01-31T18:58:34 IST" duration-ms="4" status="PASS">
          <reporter-output>
          </reporter-output>
        </test-method> <!-- test -->
        <test-method is-config="true" signature="logout()[pri:0, instance:POM.TestLogin@35aea049]" started-at="2023-01-31T18:58:34 IST" name="logout" finished-at="2023-01-31T18:58:38 IST" duration-ms="4097" status="PASS">
          <reporter-output>
          </reporter-output>
        </test-method> <!-- logout -->
        <test-method is-config="true" signature="browserclose()[pri:0, instance:POM.TestLogin@35aea049]" started-at="2023-01-31T18:58:38 IST" name="browserclose" finished-at="2023-01-31T18:58:56 IST" duration-ms="18252" status="PASS">
          <reporter-output>
          </reporter-output>
        </test-method> <!-- browserclose -->
      </class> <!-- POM.TestLogin -->
    </test> <!-- Default test -->
  </suite> <!-- Default suite -->
</testng-results>
